#
# A fatal error has been detected by the Java Runtime Environment:
#
#  EXCEPTION_ACCESS_VIOLATION (0xc0000005) at pc=0x000000006e72d76b, pid=7040, tid=7456
#
# JRE version: 7.0_07-b11
# Java VM: Java HotSpot(TM) 64-Bit Server VM (23.3-b01 mixed mode windows-amd64 compressed oops)
# Problematic frame:
# V  [jvm.dll+0x11d76b]
#
# Failed to write core dump. Minidumps are not enabled by default on client versions of Windows
#
# If you would like to submit a bug report, please visit:
#   http://bugreport.sun.com/bugreport/crash.jsp
#

---------------  T H R E A D  ---------------

Current thread (0x000000001151e800):  JavaThread "JDWP Transport Listener: dt_socket" daemon [_thread_in_vm, id=7456, stack(0x0000000012e00000,0x0000000012f00000)]

siginfo: ExceptionCode=0xc0000005, reading address 0xffffffffffffffff

Registers:
RAX=0x0000000012eff901, RBX=0x000000001151e800, RCX=0x005c007300650068, RDX=0x000000001151e800
RSP=0x0000000012eff950, RBP=0x005c007300650068, RSI=0x0000000012effa68, RDI=0x0000000002e6b900
R8 =0x0000000012effa68, R9 =0x0000000000008000, R10=0x000000001a6a8ff0, R11=0x000000001af2f0f7
R12=0x0000000000000000, R13=0x0000000000000000, R14=0x0000000000000000, R15=0x0000000000000000
RIP=0x000000006e72d76b, EFLAGS=0x0000000000010202

Top of Stack: (sp=0x0000000012eff950)
0x0000000012eff950:   000000001151e800 000000001150f190
0x0000000012eff960:   0000000012effa18 000000006e8b3ec9
0x0000000012eff970:   000000001151e800 000000006e8cf892
0x0000000012eff980:   000000000000003a 000000001151e800
0x0000000012eff990:   000000001151a728 000000006e5b264e
0x0000000012eff9a0:   000000001151e800 0000000000000000
0x0000000012eff9b0:   0000000000000000 0000000000000000
0x0000000012eff9c0:   005c007300650068 000000006e5b1745
0x0000000012eff9d0:   0000000012effa68 0000000012effa40
0x0000000012eff9e0:   0000000000000001 000000001151a728
0x0000000012eff9f0:   005c007300650068 000000006e5953b3
0x0000000012effa00:   0000000012effb30 0000000000000001
0x0000000012effa10:   0000000000000001 000000001151a728
0x0000000012effa20:   0000000000000029 0000000000000000
0x0000000012effa30:   0000000000000000 0000000000000000
0x0000000012effa40:   0000000000000001 000000006e595571 

Instructions: (pc=0x000000006e72d76b)
0x000000006e72d74b:   48 8b 5c 24 30 48 89 47 18 48 83 c4 20 5f c3 cc
0x000000006e72d75b:   cc cc cc cc cc 40 53 48 83 ec 20 48 85 c9 74 54
0x000000006e72d76b:   48 8b 19 48 85 db 74 4c 48 b8 fe fe fe fe fe fe
0x000000006e72d77b:   fe fe 48 3b d8 74 3d 80 3d 5f e5 58 00 00 74 15 


Register to memory mapping:

RAX=0x0000000012eff901 is pointing into the stack for thread: 0x000000001151e800
RBX=0x000000001151e800 is a thread
RCX=0x005c007300650068 is an unknown value
RDX=0x000000001151e800 is a thread
RSP=0x0000000012eff950 is pointing into the stack for thread: 0x000000001151e800
RBP=0x005c007300650068 is an unknown value
RSI=0x0000000012effa68 is pointing into the stack for thread: 0x000000001151e800
RDI=0x0000000002e6b900 is an unknown value
R8 =0x0000000012effa68 is pointing into the stack for thread: 0x000000001151e800
R9 =0x0000000000008000 is an unknown value
R10=0x000000001a6a8ff0 is an unknown value
R11=0x000000001af2f0f7 is an unknown value
R12=0x0000000000000000 is an unknown value
R13=0x0000000000000000 is an unknown value
R14=0x0000000000000000 is an unknown value
R15=0x0000000000000000 is an unknown value


Stack: [0x0000000012e00000,0x0000000012f00000],  sp=0x0000000012eff950,  free space=1022k
Native frames: (J=compiled Java code, j=interpreted, Vv=VM code, C=native code)
V  [jvm.dll+0x11d76b]

[error occurred during error reporting (printing native stack), id 0xc0000005]


---------------  P R O C E S S  ---------------

Java Threads: ( => current thread )
  0x0000000013e3c000 JavaThread "421092142@qtp-1534413606-1" [_thread_blocked, id=11364, stack(0x000000001b280000,0x000000001b380000)]
  0x00000000135b2000 JavaThread "1418436594@qtp-1534413606-0 - Acceptor0 SocketConnector@localhost:51549" [_thread_in_native, id=8460, stack(0x000000001b180000,0x000000001b280000)]
  0x0000000013da2800 JavaThread "Thread-4" [_thread_blocked, id=9268, stack(0x000000001b080000,0x000000001b180000)]
  0x0000000013b54800 JavaThread "Swing-Shell" daemon [_thread_blocked, id=10204, stack(0x0000000015c70000,0x0000000015d70000)]
  0x00000000136e8000 JavaThread "AWT-Windows" daemon [_thread_in_native, id=7332, stack(0x0000000014800000,0x0000000014900000)]
  0x0000000013745800 JavaThread "Java2D Disposer" daemon [_thread_blocked, id=6560, stack(0x0000000014100000,0x0000000014200000)]
  0x000000001153d800 JavaThread "Service Thread" daemon [_thread_blocked, id=5272, stack(0x0000000013300000,0x0000000013400000)]
  0x0000000011538800 JavaThread "C2 CompilerThread1" daemon [_thread_blocked, id=9024, stack(0x0000000013200000,0x0000000013300000)]
  0x0000000011533800 JavaThread "C2 CompilerThread0" daemon [_thread_blocked, id=480, stack(0x0000000013100000,0x0000000013200000)]
  0x000000001152d800 JavaThread "JDWP Command Reader" daemon [_thread_in_native, id=496, stack(0x0000000013000000,0x0000000013100000)]
  0x0000000011521000 JavaThread "JDWP Event Helper Thread" daemon [_thread_blocked, id=772, stack(0x0000000012f00000,0x0000000013000000)]
=>0x000000001151e800 JavaThread "JDWP Transport Listener: dt_socket" daemon [_thread_in_vm, id=7456, stack(0x0000000012e00000,0x0000000012f00000)]
  0x0000000011510800 JavaThread "Attach Listener" daemon [_thread_blocked, id=9404, stack(0x00000000129c0000,0x0000000012ac0000)]
  0x000000001150d000 JavaThread "Signal Dispatcher" daemon [_thread_blocked, id=8292, stack(0x00000000128c0000,0x00000000129c0000)]
  0x00000000114a9800 JavaThread "Finalizer" daemon [_thread_blocked, id=10064, stack(0x00000000127c0000,0x00000000128c0000)]
  0x00000000114a1000 JavaThread "Reference Handler" daemon [_thread_blocked, id=6660, stack(0x00000000126c0000,0x00000000127c0000)]
  0x0000000002cf2800 JavaThread "main" [_thread_blocked, id=11644, stack(0x0000000002bb0000,0x0000000002cb0000)]

Other Threads:
  0x0000000011498800 VMThread [stack: 0x00000000125c0000,0x00000000126c0000] [id=5936]
  0x0000000011534000 WatcherThread [stack: 0x0000000013400000,0x0000000013500000] [id=11924]

VM state:not at safepoint (normal execution)

VM Mutex/Monitor currently owned by a thread: None

Heap
 PSYoungGen      total 1167616K, used 1074119K [0x00000007aac00000, 0x00000007fa990000, 0x0000000800000000)
  eden space 1093760K, 91% used [0x00000007aac00000,0x00000007e7cd9fb0,0x00000007ed820000)
  from space 73856K, 99% used [0x00000007f23e0000,0x00000007f6bf8020,0x00000007f6c00000)
  to   space 63040K, 0% used [0x00000007f6c00000,0x00000007f6c00000,0x00000007fa990000)
 ParOldGen       total 336128K, used 117568K [0x0000000700400000, 0x0000000714c40000, 0x00000007aac00000)
  object space 336128K, 34% used [0x0000000700400000,0x00000007076d0380,0x0000000714c40000)
 PSPermGen       total 24320K, used 19936K [0x00000006fb200000, 0x00000006fc9c0000, 0x0000000700400000)
  object space 24320K, 81% used [0x00000006fb200000,0x00000006fc578330,0x00000006fc9c0000)

Card table byte_map: [0x0000000005f30000,0x0000000006760000] byte_map_base: 0x0000000002757000

Polling page: 0x0000000000fe0000

Code Cache  [0x0000000002e70000, 0x00000000030e0000, 0x0000000005e70000)
 total_blobs=946 nmethods=519 adapters=386 free_code_cache=46931Kb largest_free_block=48021824

Compilation events (10 events):
Event: 7.733 Thread 0x0000000011533800 nmethod 511 0x0000000003088290 code [0x00000000030883c0, 0x0000000003088418]
Event: 7.733 Thread 0x0000000011533800  512             java.nio.charset.CharsetEncoder::implReset (1 bytes)
Event: 7.733 Thread 0x0000000011533800 nmethod 512 0x000000000309a7d0 code [0x000000000309a900, 0x000000000309a958]
Event: 7.737 Thread 0x0000000011538800 nmethod 509 0x000000000308c910 code [0x000000000308cb20, 0x000000000308d440]
Event: 7.744 Thread 0x0000000011533800  513   !         java.util.zip.ZipFile::getEntry (86 bytes)
Event: 7.748 Thread 0x0000000011533800 nmethod 513 0x00000000030923d0 code [0x00000000030925e0, 0x0000000003092e88]
Event: 7.785 Thread 0x0000000011538800  514  s          java.lang.StringBuffer::append (8 bytes)
Event: 7.788 Thread 0x0000000011538800 nmethod 514 0x0000000002fe4390 code [0x0000000002fe4500, 0x0000000002fe4b08]
Event: 7.808 Thread 0x0000000011533800  515  s          java.io.BufferedInputStream::read (49 bytes)
Event: 7.812 Thread 0x0000000011533800 nmethod 515 0x000000000309bc10 code [0x000000000309bd80, 0x000000000309c6a8]

GC Heap History (10 events):
Event: 2.479 GC heap before
{Heap before GC invocations=10 (full 0):
 PSYoungGen      total 534592K, used 524320K [0x00000007aac00000, 0x00000007df320000, 0x0000000800000000)
  eden space 524288K, 100% used [0x00000007aac00000,0x00000007cac00000,0x00000007cac00000)
  from space 10304K, 0% used [0x00000007cac00000,0x00000007cac08000,0x00000007cb610000)
  to   space 10176K, 0% used [0x00000007de930000,0x00000007de930000,0x00000007df320000)
 ParOldGen       total 174592K, used 89286K [0x0000000700400000, 0x000000070ae80000, 0x00000007aac00000)
  object space 174592K, 51% used [0x0000000700400000,0x0000000705b31b58,0x000000070ae80000)
 PSPermGen       total 21248K, used 11945K [0x00000006fb200000, 0x00000006fc6c0000, 0x0000000700400000)
  object space 21248K, 56% used [0x00000006fb200000,0x00000006fbdaa7a0,0x00000006fc6c0000)
Event: 2.479 GC heap after
Heap after GC invocations=10 (full 0):
 PSYoungGen      total 848704K, used 96K [0x00000007aac00000, 0x00000007df2c0000, 0x0000000800000000)
  eden space 838912K, 0% used [0x00000007aac00000,0x00000007aac00000,0x00000007ddf40000)
  from space 9792K, 0% used [0x00000007de930000,0x00000007de948000,0x00000007df2c0000)
  to   space 9984K, 0% used [0x00000007ddf40000,0x00000007ddf40000,0x00000007de900000)
 ParOldGen       total 174592K, used 89294K [0x0000000700400000, 0x000000070ae80000, 0x00000007aac00000)
  object space 174592K, 51% used [0x0000000700400000,0x0000000705b33b58,0x000000070ae80000)
 PSPermGen       total 21248K, used 11945K [0x00000006fb200000, 0x00000006fc6c0000, 0x0000000700400000)
  object space 21248K, 56% used [0x00000006fb200000,0x00000006fbdaa7a0,0x00000006fc6c0000)
}
Event: 3.863 GC heap before
{Heap before GC invocations=11 (full 0):
 PSYoungGen      total 848704K, used 839008K [0x00000007aac00000, 0x00000007df2c0000, 0x0000000800000000)
  eden space 838912K, 100% used [0x00000007aac00000,0x00000007ddf40000,0x00000007ddf40000)
  from space 9792K, 0% used [0x00000007de930000,0x00000007de948000,0x00000007df2c0000)
  to   space 9984K, 0% used [0x00000007ddf40000,0x00000007ddf40000,0x00000007de900000)
 ParOldGen       total 174592K, used 89294K [0x0000000700400000, 0x000000070ae80000, 0x00000007aac00000)
  object space 174592K, 51% used [0x0000000700400000,0x0000000705b33b58,0x000000070ae80000)
 PSPermGen       total 21248K, used 12016K [0x00000006fb200000, 0x00000006fc6c0000, 0x0000000700400000)
  object space 21248K, 56% used [0x00000006fb200000,0x00000006fbdbc210,0x00000006fc6c0000)
Event: 3.952 GC heap after
Heap after GC invocations=11 (full 0):
 PSYoungGen      total 848896K, used 9952K [0x00000007aac00000, 0x0000000800000000, 0x0000000800000000)
  eden space 838912K, 0% used [0x00000007aac00000,0x00000007aac00000,0x00000007ddf40000)
  from space 9984K, 99% used [0x00000007ddf40000,0x00000007de8f8010,0x00000007de900000)
  to   space 88576K, 0% used [0x00000007fa980000,0x00000007fa980000,0x0000000800000000)
 ParOldGen       total 296704K, used 296558K [0x0000000700400000, 0x00000007125c0000, 0x00000007aac00000)
  object space 296704K, 99% used [0x0000000700400000,0x000000071259bb68,0x00000007125c0000)
 PSPermGen       total 21248K, used 12016K [0x00000006fb200000, 0x00000006fc6c0000, 0x0000000700400000)
  object space 21248K, 56% used [0x00000006fb200000,0x00000006fbdbc210,0x00000006fc6c0000)
}
Event: 3.952 GC heap before
{Heap before GC invocations=12 (full 1):
 PSYoungGen      total 848896K, used 9952K [0x00000007aac00000, 0x0000000800000000, 0x0000000800000000)
  eden space 838912K, 0% used [0x00000007aac00000,0x00000007aac00000,0x00000007ddf40000)
  from space 9984K, 99% used [0x00000007ddf40000,0x00000007de8f8010,0x00000007de900000)
  to   space 88576K, 0% used [0x00000007fa980000,0x00000007fa980000,0x0000000800000000)
 ParOldGen       total 296704K, used 296558K [0x0000000700400000, 0x00000007125c0000, 0x00000007aac00000)
  object space 296704K, 99% used [0x0000000700400000,0x000000071259bb68,0x00000007125c0000)
 PSPermGen       total 21248K, used 12016K [0x00000006fb200000, 0x00000006fc6c0000, 0x0000000700400000)
  object space 21248K, 56% used [0x00000006fb200000,0x00000006fbdbc210,0x00000006fc6c0000)
Event: 4.311 GC heap after
Heap after GC invocations=12 (full 1):
 PSYoungGen      total 848896K, used 0K [0x00000007aac00000, 0x0000000800000000, 0x0000000800000000)
  eden space 838912K, 0% used [0x00000007aac00000,0x00000007aac00000,0x00000007ddf40000)
  from space 9984K, 0% used [0x00000007ddf40000,0x00000007ddf40000,0x00000007de900000)
  to   space 88576K, 0% used [0x00000007fa980000,0x00000007fa980000,0x0000000800000000)
 ParOldGen       total 336128K, used 117568K [0x0000000700400000, 0x0000000714c40000, 0x00000007aac00000)
  object space 336128K, 34% used [0x0000000700400000,0x00000007076d0380,0x0000000714c40000)
 PSPermGen       total 24320K, used 12012K [0x00000006fb200000, 0x00000006fc9c0000, 0x0000000700400000)
  object space 24320K, 49% used [0x00000006fb200000,0x00000006fbdbb030,0x00000006fc9c0000)
}
Event: 4.806 GC heap before
{Heap before GC invocations=13 (full 1):
 PSYoungGen      total 848896K, used 814894K [0x00000007aac00000, 0x0000000800000000, 0x0000000800000000)
  eden space 838912K, 97% used [0x00000007aac00000,0x00000007dc7cba38,0x00000007ddf40000)
  from space 9984K, 0% used [0x00000007ddf40000,0x00000007ddf40000,0x00000007de900000)
  to   space 88576K, 0% used [0x00000007fa980000,0x00000007fa980000,0x0000000800000000)
 ParOldGen       total 336128K, used 117568K [0x0000000700400000, 0x0000000714c40000, 0x00000007aac00000)
  object space 336128K, 34% used [0x0000000700400000,0x00000007076d0380,0x0000000714c40000)
 PSPermGen       total 24320K, used 12013K [0x00000006fb200000, 0x00000006fc9c0000, 0x0000000700400000)
  object space 24320K, 49% used [0x00000006fb200000,0x00000006fbdbb580,0x00000006fc9c0000)
Event: 4.813 GC heap after
Heap after GC invocations=13 (full 1):
 PSYoungGen      total 995776K, used 36960K [0x00000007aac00000, 0x00000007fcda0000, 0x0000000800000000)
  eden space 958784K, 0% used [0x00000007aac00000,0x00000007aac00000,0x00000007e5450000)
  from space 36992K, 99% used [0x00000007fa980000,0x00000007fcd98020,0x00000007fcda0000)
  to   space 86912K, 0% used [0x00000007f23e0000,0x00000007f23e0000,0x00000007f78c0000)
 ParOldGen       total 336128K, used 117568K [0x0000000700400000, 0x0000000714c40000, 0x00000007aac00000)
  object space 336128K, 34% used [0x0000000700400000,0x00000007076d0380,0x0000000714c40000)
 PSPermGen       total 24320K, used 12013K [0x00000006fb200000, 0x00000006fc9c0000, 0x0000000700400000)
  object space 24320K, 49% used [0x00000006fb200000,0x00000006fbdbb580,0x00000006fc9c0000)
}
Event: 5.407 GC heap before
{Heap before GC invocations=14 (full 1):
 PSYoungGen      total 995776K, used 934849K [0x00000007aac00000, 0x00000007fcda0000, 0x0000000800000000)
  eden space 958784K, 93% used [0x00000007aac00000,0x00000007e18d8588,0x00000007e5450000)
  from space 36992K, 99% used [0x00000007fa980000,0x00000007fcd98020,0x00000007fcda0000)
  to   space 86912K, 0% used [0x00000007f23e0000,0x00000007f23e0000,0x00000007f78c0000)
 ParOldGen       total 336128K, used 117568K [0x0000000700400000, 0x0000000714c40000, 0x00000007aac00000)
  object space 336128K, 34% used [0x0000000700400000,0x00000007076d0380,0x0000000714c40000)
 PSPermGen       total 24320K, used 12013K [0x00000006fb200000, 0x00000006fc9c0000, 0x0000000700400000)
  object space 24320K, 49% used [0x00000006fb200000,0x00000006fbdbb5c0,0x00000006fc9c0000)
Event: 5.427 GC heap after
Heap after GC invocations=14 (full 1):
 PSYoungGen      total 1167616K, used 73824K [0x00000007aac00000, 0x00000007fa990000, 0x0000000800000000)
  eden space 1093760K, 0% used [0x00000007aac00000,0x00000007aac00000,0x00000007ed820000)
  from space 73856K, 99% used [0x00000007f23e0000,0x00000007f6bf8020,0x00000007f6c00000)
  to   space 63040K, 0% used [0x00000007f6c00000,0x00000007f6c00000,0x00000007fa990000)
 ParOldGen       total 336128K, used 117568K [0x0000000700400000, 0x0000000714c40000, 0x00000007aac00000)
  object space 336128K, 34% used [0x0000000700400000,0x00000007076d0380,0x0000000714c40000)
 PSPermGen       total 24320K, used 12013K [0x00000006fb200000, 0x00000006fc9c0000, 0x0000000700400000)
  object space 24320K, 49% used [0x00000006fb200000,0x00000006fbdbb5c0,0x00000006fc9c0000)
}

Deoptimization events (10 events):
Event: 7.766 Thread 0x0000000002cf2800 Uncommon trap -34 fr.pc 0x0000000002f92f34
Event: 7.766 Thread 0x0000000002cf2800 Uncommon trap -12 fr.pc 0x000000000304afe8
Event: 7.766 Thread 0x0000000002cf2800 Uncommon trap -34 fr.pc 0x0000000002f92f34
Event: 7.766 Thread 0x0000000002cf2800 Uncommon trap -34 fr.pc 0x0000000002f92f34
Event: 7.805 Thread 0x0000000002cf2800 Uncommon trap -34 fr.pc 0x0000000003069564
Event: 7.805 Thread 0x0000000002cf2800 Uncommon trap -34 fr.pc 0x0000000003069564
Event: 7.805 Thread 0x0000000002cf2800 Uncommon trap -34 fr.pc 0x0000000003069564
Event: 7.805 Thread 0x0000000002cf2800 Uncommon trap -34 fr.pc 0x0000000003069564
Event: 7.810 Thread 0x0000000002cf2800 Uncommon trap -34 fr.pc 0x0000000002f2b5f8
Event: 7.822 Thread 0x0000000002cf2800 Uncommon trap -34 fr.pc 0x00000000030544b4

Internal exceptions (10 events):
Event: 7.820 Thread 0x0000000002cf2800 Threw 0x00000007e500c4b8 at C:\jdk7u1_64p\jdk7u7\hotspot\src\share\vm\prims\jvm.cpp:1166
Event: 7.822 Thread 0x0000000002cf2800 Threw 0x00000007e5013f30 at C:\jdk7u1_64p\jdk7u7\hotspot\src\share\vm\prims\jvm.cpp:1166
Event: 7.823 Thread 0x0000000002cf2800 Threw 0x00000007e50192c8 at C:\jdk7u1_64p\jdk7u7\hotspot\src\share\vm\prims\jvm.cpp:1166
Event: 7.826 Thread 0x0000000002cf2800 Threw 0x00000007e5028378 at C:\jdk7u1_64p\jdk7u7\hotspot\src\share\vm\prims\jvm.cpp:1166
Event: 7.826 Thread 0x0000000002cf2800 Threw 0x00000007e502c9c8 at C:\jdk7u1_64p\jdk7u7\hotspot\src\share\vm\prims\jvm.cpp:1166
Event: 7.826 Thread 0x0000000002cf2800 Threw 0x00000007e50379a8 at C:\jdk7u1_64p\jdk7u7\hotspot\src\share\vm\prims\jvm.cpp:1166
Event: 7.827 Thread 0x0000000002cf2800 Threw 0x00000007e503dd80 at C:\jdk7u1_64p\jdk7u7\hotspot\src\share\vm\prims\jvm.cpp:1166
Event: 7.827 Thread 0x0000000002cf2800 Threw 0x00000007e5044108 at C:\jdk7u1_64p\jdk7u7\hotspot\src\share\vm\prims\jvm.cpp:1166
Event: 7.828 Thread 0x0000000002cf2800 Threw 0x00000007e5049868 at C:\jdk7u1_64p\jdk7u7\hotspot\src\share\vm\prims\jvm.cpp:1166
Event: 7.828 Thread 0x0000000002cf2800 Threw 0x00000007e504db08 at C:\jdk7u1_64p\jdk7u7\hotspot\src\share\vm\prims\jvm.cpp:1166

Events (10 events):
Event: 7.828 loading class 0x0000000013a801f0
Event: 7.828 loading class 0x0000000013e39f50
Event: 7.829 loading class 0x0000000013e39f50 done
Event: 7.829 loading class 0x0000000013a801f0 done
Event: 7.829 loading class 0x000000001a9e9b40
Event: 7.829 loading class 0x000000001a9e9b40 done
Event: 16.653 Executing VM operation: ChangeBreakpoints
Event: 16.653 Executing VM operation: ChangeBreakpoints done
Event: 32.354 Executing VM operation: RedefineClasses
Event: 32.356 Executing VM operation: RedefineClasses done


Dynamic libraries:
0x00007ff637e00000 - 0x00007ff637e34000 	X:\Program Files\Java\jdk1.7.0_07\bin\javaw.exe
0x00007ff9ff140000 - 0x00007ff9ff31b000 	C:\WINDOWS\SYSTEM32\ntdll.dll
0x00007ff9feb40000 - 0x00007ff9febee000 	C:\WINDOWS\System32\KERNEL32.DLL
0x00007ff9fbd30000 - 0x00007ff9fbf79000 	C:\WINDOWS\System32\KERNELBASE.dll
0x00007ff9fea70000 - 0x00007ff9feb11000 	C:\WINDOWS\System32\ADVAPI32.dll
0x00007ff9fd330000 - 0x00007ff9fd3cd000 	C:\WINDOWS\System32\msvcrt.dll
0x00007ff9fc8a0000 - 0x00007ff9fc8f9000 	C:\WINDOWS\System32\sechost.dll
0x00007ff9feee0000 - 0x00007ff9ff005000 	C:\WINDOWS\System32\RPCRT4.dll
0x00007ff9fd4e0000 - 0x00007ff9fd62a000 	C:\WINDOWS\System32\USER32.dll
0x00007ff9fb8e0000 - 0x00007ff9fb8fe000 	C:\WINDOWS\System32\win32u.dll
0x00007ff9fc900000 - 0x00007ff9fc927000 	C:\WINDOWS\System32\GDI32.dll
0x00007ff9fbab0000 - 0x00007ff9fbc38000 	C:\WINDOWS\System32\gdi32full.dll
0x00007ff9fbc40000 - 0x00007ff9fbcda000 	C:\WINDOWS\System32\msvcp_win.dll
0x00007ff9fb9b0000 - 0x00007ff9fbaa6000 	C:\WINDOWS\System32\ucrtbase.dll
0x00007ff9f19b0000 - 0x00007ff9f1c17000 	C:\WINDOWS\WinSxS\amd64_microsoft.windows.common-controls_6595b64144ccf1df_6.0.15063.483_none_26002d27e7c744a2\COMCTL32.dll
0x00007ff9fcde0000 - 0x00007ff9fd0d9000 	C:\WINDOWS\System32\combase.dll
0x00007ff9fb870000 - 0x00007ff9fb8da000 	C:\WINDOWS\System32\bcryptPrimitives.dll
0x00007ff9feeb0000 - 0x00007ff9feedd000 	C:\WINDOWS\System32\IMM32.DLL
0x000000006ed30000 - 0x000000006ee01000 	X:\Program Files\Java\jdk1.7.0_07\jre\bin\msvcr100.dll
0x000000006e610000 - 0x000000006ed2f000 	X:\Program Files\Java\jdk1.7.0_07\jre\bin\server\jvm.dll
0x00007ff9ff0b0000 - 0x00007ff9ff0b8000 	C:\WINDOWS\System32\PSAPI.DLL
0x00007ff9f3310000 - 0x00007ff9f3319000 	C:\WINDOWS\SYSTEM32\WSOCK32.dll
0x00007ff9f9ad0000 - 0x00007ff9f9af3000 	C:\WINDOWS\SYSTEM32\WINMM.dll
0x00007ff9fd0e0000 - 0x00007ff9fd14c000 	C:\WINDOWS\System32\WS2_32.dll
0x00007ff9f9aa0000 - 0x00007ff9f9acb000 	C:\WINDOWS\SYSTEM32\WINMMBASE.dll
0x00007ff9fbce0000 - 0x00007ff9fbd29000 	C:\WINDOWS\System32\cfgmgr32.dll
0x000000006e600000 - 0x000000006e60f000 	X:\Program Files\Java\jdk1.7.0_07\jre\bin\verify.dll
0x000000006e5d0000 - 0x000000006e5f8000 	X:\Program Files\Java\jdk1.7.0_07\jre\bin\java.dll
0x000000006e590000 - 0x000000006e5c5000 	X:\Program Files\Java\jdk1.7.0_07\jre\bin\jdwp.dll
0x000000006e580000 - 0x000000006e588000 	X:\Program Files\Java\jdk1.7.0_07\jre\bin\npt.dll
0x000000006e560000 - 0x000000006e575000 	X:\Program Files\Java\jdk1.7.0_07\jre\bin\zip.dll
0x000000006e550000 - 0x000000006e559000 	X:\Program Files\Java\jdk1.7.0_07\jre\bin\dt_socket.dll
0x00007ff9f5480000 - 0x00007ff9f5496000 	C:\WINDOWS\system32\napinsp.dll
0x00007ff9f5460000 - 0x00007ff9f547a000 	C:\WINDOWS\system32\pnrpnsp.dll
0x00007ff9f9890000 - 0x00007ff9f98a8000 	C:\WINDOWS\system32\NLAapi.dll
0x00007ff9faea0000 - 0x00007ff9faefc000 	C:\WINDOWS\System32\mswsock.dll
0x00007ff9fac80000 - 0x00007ff9fad24000 	C:\WINDOWS\SYSTEM32\DNSAPI.dll
0x00007ff9fc990000 - 0x00007ff9fc998000 	C:\WINDOWS\System32\NSI.dll
0x00007ff9fac40000 - 0x00007ff9fac77000 	C:\WINDOWS\SYSTEM32\IPHLPAPI.DLL
0x00007ff9f59f0000 - 0x00007ff9f59fe000 	C:\WINDOWS\System32\winrnr.dll
0x00007ff9f5e30000 - 0x00007ff9f5e9b000 	C:\WINDOWS\System32\fwpuclnt.dll
0x00007ff9fb150000 - 0x00007ff9fb175000 	C:\WINDOWS\SYSTEM32\bcrypt.dll
0x00007ff9f5b20000 - 0x00007ff9f5b2a000 	C:\Windows\System32\rasadhlp.dll
0x000000006e530000 - 0x000000006e549000 	X:\Program Files\Java\jdk1.7.0_07\jre\bin\net.dll
0x00007ff9fb040000 - 0x00007ff9fb057000 	C:\WINDOWS\SYSTEM32\CRYPTSP.dll
0x00007ff9faac0000 - 0x00007ff9faaf4000 	C:\WINDOWS\system32\rsaenh.dll
0x00007ff9fb4c0000 - 0x00007ff9fb4e9000 	C:\WINDOWS\SYSTEM32\USERENV.dll
0x00007ff9fb620000 - 0x00007ff9fb635000 	C:\WINDOWS\System32\profapi.dll
0x00007ff9fb060000 - 0x00007ff9fb06b000 	C:\WINDOWS\SYSTEM32\CRYPTBASE.dll
0x000000006e510000 - 0x000000006e521000 	X:\Program Files\Java\jdk1.7.0_07\jre\bin\nio.dll
0x000000006e370000 - 0x000000006e503000 	X:\Program Files\Java\jdk1.7.0_07\jre\bin\awt.dll
0x00007ff9fd270000 - 0x00007ff9fd330000 	C:\WINDOWS\System32\OLEAUT32.dll
0x00007ff9f99f0000 - 0x00007ff9f9a6e000 	C:\WINDOWS\SYSTEM32\apphelp.dll
0x000000006e340000 - 0x000000006e370000 	X:\Program Files\Java\jdk1.7.0_07\jre\bin\jpeg.dll
0x00007ff9f9ca0000 - 0x00007ff9f9d35000 	C:\WINDOWS\system32\uxtheme.dll
0x00007ff9fed40000 - 0x00007ff9feea6000 	C:\WINDOWS\System32\MSCTF.dll
0x00007ff9f96c0000 - 0x00007ff9f96ea000 	C:\WINDOWS\system32\dwmapi.dll
0x00007ff9febf0000 - 0x00007ff9fed35000 	C:\WINDOWS\System32\ole32.dll
0x00007ff9fb5b0000 - 0x00007ff9fb5c1000 	C:\WINDOWS\System32\kernel.appcore.dll
0x00007ff9fd630000 - 0x00007ff9fea67000 	C:\WINDOWS\System32\SHELL32.dll
0x00007ff9fd430000 - 0x00007ff9fd4da000 	C:\WINDOWS\System32\shcore.dll
0x00007ff9fbf80000 - 0x00007ff9fc672000 	C:\WINDOWS\System32\windows.storage.dll
0x00007ff9fc930000 - 0x00007ff9fc981000 	C:\WINDOWS\System32\shlwapi.dll
0x00007ff9fb5d0000 - 0x00007ff9fb61c000 	C:\WINDOWS\System32\powrprof.dll
0x00007ff9e3a00000 - 0x00007ff9e3aa6000 	C:\WINDOWS\WinSxS\amd64_microsoft.windows.common-controls_6595b64144ccf1df_5.82.15063.413_none_0e0f5dcc67adff4e\comctl32.dll
0x000000006e300000 - 0x000000006e334000 	X:\Program Files\Java\jdk1.7.0_07\jre\bin\fontmanager.dll
0x00007ff9d6100000 - 0x00007ff9d6289000 	C:\WINDOWS\system32\d3d9.dll
0x00007ff9ed9d0000 - 0x00007ff9edb66000 	C:\WINDOWS\System32\DriverStore\FileRepository\c0314337.inf_amd64_21ee54ffe6f42e4c\aticfx64.dll
0x00007ff9f1ee0000 - 0x00007ff9f1eea000 	C:\WINDOWS\SYSTEM32\VERSION.dll
0x00007ff9f58a0000 - 0x00007ff9f58d2000 	C:\WINDOWS\System32\DriverStore\FileRepository\c0314337.inf_amd64_21ee54ffe6f42e4c\atiu9p64.dll
0x00007ff9c6330000 - 0x00007ff9c6c66000 	C:\WINDOWS\System32\DriverStore\FileRepository\c0314337.inf_amd64_21ee54ffe6f42e4c\atiumd64.dll
0x0000000070000000 - 0x0000000070e27000 	C:\WINDOWS\System32\DriverStore\FileRepository\c0314337.inf_amd64_21ee54ffe6f42e4c\atiumd6a.dll
0x00007ff9ecdc0000 - 0x00007ff9ecde5000 	C:\WINDOWS\SYSTEM32\amdihk64.dll
0x0000000014a00000 - 0x0000000014a06000 	C:\WINDOWS\SYSTEM32\detoured.dll
0x000000006e2b0000 - 0x000000006e2f1000 	X:\Program Files\Java\jdk1.7.0_07\jre\bin\t2k.dll
0x00007ff9ff010000 - 0x00007ff9ff0ae000 	C:\WINDOWS\System32\clbcatq.dll
0x00007ff9f94c0000 - 0x00007ff9f9656000 	C:\WINDOWS\SYSTEM32\PROPSYS.dll
0x00007ff9ef530000 - 0x00007ff9efa61000 	C:\Windows\System32\OneCoreUAPCommonProxyStub.dll
0x00007ff9d7dd0000 - 0x00007ff9d7ef7000 	C:\WINDOWS\system32\NetworkExplorer.dll
0x00007ff9e26b0000 - 0x00007ff9e26cb000 	C:\WINDOWS\SYSTEM32\MPR.dll
0x00007ff9f5340000 - 0x00007ff9f534b000 	C:\WINDOWS\System32\drprov.dll
0x00007ff9fa6f0000 - 0x00007ff9fa745000 	C:\WINDOWS\System32\WINSTA.dll
0x00007ff9e7d10000 - 0x00007ff9e7d26000 	C:\WINDOWS\System32\ntlanman.dll
0x00007ff9e75f0000 - 0x00007ff9e7610000 	C:\WINDOWS\System32\davclnt.dll
0x00007ff9edc30000 - 0x00007ff9edc3c000 	C:\WINDOWS\System32\DAVHLPR.dll
0x00007ff9f5e10000 - 0x00007ff9f5e26000 	C:\WINDOWS\System32\wkscli.dll
0x00007ff9f1df0000 - 0x00007ff9f1e02000 	C:\WINDOWS\SYSTEM32\cscapi.dll
0x00007ff9fad30000 - 0x00007ff9fad3d000 	C:\WINDOWS\System32\netutils.dll
0x00007ff9d43e0000 - 0x00007ff9d442a000 	C:\Windows\System32\dlnashext.dll
0x00007ff9efd70000 - 0x00007ff9efddd000 	C:\Windows\System32\PlayToDevice.dll
0x00007ff9f5350000 - 0x00007ff9f536e000 	C:\Windows\System32\DevDispItemProvider.dll
0x00007ff9f4f30000 - 0x00007ff9f4f97000 	C:\WINDOWS\System32\MMDevApi.dll
0x00007ff9fa0d0000 - 0x00007ff9fa0f8000 	C:\WINDOWS\System32\DEVOBJ.dll
0x00007ff9d54c0000 - 0x00007ff9d569f000 	C:\WINDOWS\system32\wpdshext.dll
0x00007ff9d6510000 - 0x00007ff9d66a5000 	C:\WINDOWS\WinSxS\amd64_microsoft.windows.gdiplus_6595b64144ccf1df_1.1.15063.483_none_56eb200d4259be70\gdiplus.dll
0x00007ff9f7a00000 - 0x00007ff9f7a9c000 	C:\Windows\System32\PortableDeviceApi.dll
0x00007ff9fc9a0000 - 0x00007ff9fcddb000 	C:\WINDOWS\System32\SETUPAPI.dll
0x00007ff9fb640000 - 0x00007ff9fb696000 	C:\WINDOWS\System32\WINTRUST.dll
0x00007ff9fb590000 - 0x00007ff9fb5a1000 	C:\WINDOWS\System32\MSASN1.dll
0x00007ff9fb6a0000 - 0x00007ff9fb869000 	C:\WINDOWS\System32\CRYPT32.dll
0x00007ff9efcf0000 - 0x00007ff9efd26000 	C:\Windows\System32\EhStorShell.dll
0x00007ff9f9910000 - 0x00007ff9f9935000 	C:\Windows\System32\EhStorAPI.dll
0x00007ff9f8230000 - 0x00007ff9f8243000 	C:\Windows\System32\WTSAPI32.dll
0x000000006e280000 - 0x000000006e2a4000 	X:\Program Files\Java\jdk1.7.0_07\jre\bin\sunec.dll
0x000000006e270000 - 0x000000006e27b000 	X:\Program Files\Java\jdk1.7.0_07\jre\bin\sunmscapi.dll
0x00007ff9f1330000 - 0x00007ff9f14f7000 	C:\WINDOWS\SYSTEM32\urlmon.dll
0x00007ff9f1050000 - 0x00007ff9f12da000 	C:\WINDOWS\SYSTEM32\iertutil.dll
0x00007ff9e2670000 - 0x00007ff9e268a000 	C:\Windows\System32\Windows.Shell.ServiceHostBuilder.dll
0x00007ff9f7e40000 - 0x00007ff9f7f79000 	C:\Windows\System32\WinTypes.dll
0x00007ff9e0010000 - 0x00007ff9e0054000 	C:\WINDOWS\SYSTEM32\edputil.dll
0x00007ff9f3300000 - 0x00007ff9f330c000 	C:\WINDOWS\SYSTEM32\Secur32.dll
0x00007ff9fb490000 - 0x00007ff9fb4c0000 	C:\WINDOWS\SYSTEM32\SSPICLI.DLL
0x00007ff9f1750000 - 0x00007ff9f178f000 	C:\WINDOWS\SYSTEM32\MLANG.dll
0x00007ff9e2a30000 - 0x00007ff9e2d5e000 	C:\WINDOWS\SYSTEM32\WININET.dll
0x00007ff9f0190000 - 0x00007ff9f0339000 	C:\WINDOWS\SYSTEM32\dbghelp.dll

VM Arguments:
jvm_args: -agentlib:jdwp=transport=dt_socket,suspend=y,address=localhost:51546 -Dfile.encoding=Cp1252 
java_command: run.Jandor
Launcher Type: SUN_STANDARD

Environment Variables:
JAVA_HOME=X:\Program Files\Java\jdk1.8.0_102
PATH=X:/Program Files/Java/jdk1.8.0_102/bin/../jre/bin/server;X:/Program Files/Java/jdk1.8.0_102/bin/../jre/bin;X:/Program Files/Java/jdk1.8.0_102/bin/../jre/lib/amd64;X:\Program Files\Java\jdk1.8.0_102\bin;C:\Program Files (x86)\NVIDIA Corporation\PhysX\Common;X:\Program Files\ImageMagick-6.9.2-Q16;X:\Program Files\Java\jdk1.7.0_07\jre\bin;X:\Program Files\Java\jdk1.7.0_07\bin;C:\Program Files (x86)\AMD APP\bin\x86_64;C:\Program Files (x86)\AMD APP\bin\x86;C:\Program Files\Common Files\Microsoft Shared\Windows Live;C:\Program Files (x86)\Common Files\Microsoft Shared\Windows Live;X:\Program Files\MiKTeX 2.9\miktex\bin;C:\WINDOWS\system32;C:\WINDOWS;C:\WINDOWS\System32\Wbem;C:\WINDOWS\System32\WindowsPowerShell\v1.0\;C:\Program Files (x86)\ATI Technologies\ATI.ACE\Core-Static;C:\Windows\SysWOW64;C:\Program Files (x86)\Windows Live\Shared;X:\Users\Jon\Scripts;X:\Program Files\TortoiseSVN\bin;X:\Program Files\apache-ant-1.9.2\bin;X:\Program Files\WIDCOMM\Bluetooth Software\;X:\Program Files\WIDCOMM\Bluetooth Software\syswow64;X:\Program Files\ATI Technologies\ATI.ACE\Core-Static;X:\Program Files\apache-maven-3.2.3\bin;X:\Programs\jboss-6.1.0.Final\bin;X:\PROGRA~1\POSTGR~1\9.3\bin;X:\Program Files\AMD\ATI.ACE\Core-Static;C:\Program Files (x86)\Skype\Phone\;C:\Program Files (x86)\GtkSharp\2.12\bin;ATALINA_HOME\bin;C:\Users\Jon\AppData\Local\Programs\Python\Python35-32\Scripts\;C:\Users\Jon\AppData\Local\Programs\Python\Python35-32\;USERPROFILE\AppData\Local\Microsoft\WindowsApps;;X:\Program Files\eclipse;
USERNAME=Jon
OS=Windows_NT
PROCESSOR_IDENTIFIER=Intel64 Family 6 Model 42 Stepping 7, GenuineIntel



---------------  S Y S T E M  ---------------

OS: Windows 8 , 64 bit Build 9200 

CPU:total 4 (4 cores per cpu, 1 threads per core) family 6 model 42 stepping 7, cmov, cx8, fxsr, mmx, sse, sse2, sse3, ssse3, sse4.1, sse4.2, popcnt, avx, tsc, tscinvbit

Memory: 4k page, physical 16756868k(8429244k free), swap 33534084k(21277980k free)

vm_info: Java HotSpot(TM) 64-Bit Server VM (23.3-b01) for windows-amd64 JRE (1.7.0_07-b11), built on Sep  7 2012 01:19:25 by "java_re" with unknown MS VC++:1600

time: Sat Jul 15 17:37:04 2017
elapsed time: 32 seconds

