#
# A fatal error has been detected by the Java Runtime Environment:
#
#  EXCEPTION_ACCESS_VIOLATION (0xc0000005) at pc=0x0000000066b48855, pid=5148, tid=1788
#
# JRE version: Java(TM) SE Runtime Environment (8.0_65-b17) (build 1.8.0_65-b17)
# Java VM: Java HotSpot(TM) 64-Bit Server VM (25.65-b01 mixed mode windows-amd64 compressed oops)
# Problematic frame:
# V  [jvm.dll+0x128855]
#
# Failed to write core dump. Minidumps are not enabled by default on client versions of Windows
#
# If you would like to submit a bug report, please visit:
#   http://bugreport.java.com/bugreport/crash.jsp
#

---------------  T H R E A D  ---------------

Current thread (0x0000000058e47800):  JavaThread "JDWP Transport Listener: dt_socket" daemon [_thread_in_vm, id=1788, stack(0x0000000059a10000,0x0000000059b10000)]

siginfo: ExceptionCode=0xc0000005, reading address 0x00000351003b003b

Registers:
RAX=0x0000000059b0f501, RBX=0x0000000058e47800, RCX=0x00000351003b003b, RDX=0x0000000000000000
RSP=0x0000000059b0f4f0, RBP=0x00000351003b003b, RSI=0x0000000059b0f608, RDI=0x0000000000578a40
R8 =0x0000000058e47800, R9 =0x000000000000ff00, R10=0x0000000000000000, R11=0x69748edd02a800a9
R12=0x0000000000000000, R13=0x000000005766eb88, R14=0x0000000000000000, R15=0x0000000000000000
RIP=0x0000000066b48855, EFLAGS=0x0000000000010202

Top of Stack: (sp=0x0000000059b0f4f0)
0x0000000059b0f4f0:   0000000058e47800 0000000058e47800
0x0000000059b0f500:   0000000059b0f5b8 0000000066d4e19b
0x0000000059b0f510:   0000000058e47800 0000000066d6a9fd
0x0000000059b0f520:   0000000000000000 0000000072c19155
0x0000000059b0f530:   0000000058f01e80 0000000072c2291e
0x0000000059b0f540:   0000000058e47800 0000000000000000
0x0000000059b0f550:   0000000000000000 0000000000000000
0x0000000059b0f560:   00000351003b003b 0000000072c21a15
0x0000000059b0f570:   0000000059b0f608 0000000059b0f5e0
0x0000000059b0f580:   0000000000000001 0000000058f01e80
0x0000000059b0f590:   00000351003b003b 0000000072c053b3
0x0000000059b0f5a0:   0000000059b0f6d0 0000000000000001
0x0000000059b0f5b0:   0000000000000001 0000000058f01e80
0x0000000059b0f5c0:   00000000f0001008 0000000000000000
0x0000000059b0f5d0:   0000000000000000 0000000000000000
0x0000000059b0f5e0:   0000000000000001 0000000072c05571 

Instructions: (pc=0x0000000066b48855)
0x0000000066b48835:   cc cc cc cc cc cc cc cc cc cc cc 48 83 ec 28 48
0x0000000066b48845:   85 c9 75 07 33 c0 48 83 c4 28 c3 48 89 5c 24 20
0x0000000066b48855:   48 8b 19 48 85 db 74 20 48 83 fb 37 74 1a 48 8b
0x0000000066b48865:   13 48 8b cb ff 52 10 84 c0 74 0d 48 8b c3 48 8b 


Register to memory mapping:

RAX=0x0000000059b0f501 is pointing into the stack for thread: 0x0000000058e47800
RBX=0x0000000058e47800 is a thread
RCX=0x00000351003b003b is an unknown value
RDX=0x0000000000000000 is an unknown value
RSP=0x0000000059b0f4f0 is pointing into the stack for thread: 0x0000000058e47800
RBP=0x00000351003b003b is an unknown value
RSI=0x0000000059b0f608 is pointing into the stack for thread: 0x0000000058e47800
RDI=0x0000000000578a40 is an unknown value
R8 =0x0000000058e47800 is a thread
R9 =0x000000000000ff00 is an unknown value
R10=0x0000000000000000 is an unknown value
R11=0x69748edd02a800a9 is an unknown value
R12=0x0000000000000000 is an unknown value
R13=0x000000005766eb88 is an unknown value
R14=0x0000000000000000 is an unknown value
R15=0x0000000000000000 is an unknown value


Stack: [0x0000000059a10000,0x0000000059b10000],  sp=0x0000000059b0f4f0,  free space=1021k
Native frames: (J=compiled Java code, j=interpreted, Vv=VM code, C=native code)
V  [jvm.dll+0x128855]
V  [jvm.dll+0x34a9fd]
C  [jdwp.dll+0x21a15]
C  [jdwp.dll+0x53b3]
C  [jdwp.dll+0x5571]
C  [jdwp.dll+0xf0a8]
C  [jdwp.dll+0x1f2d5]
C  [jdwp.dll+0x1f4aa]
V  [jvm.dll+0x1bb8f8]
V  [jvm.dll+0x243144]
V  [jvm.dll+0x299f7a]
C  [msvcr100.dll+0x21d9f]
C  [msvcr100.dll+0x21e3b]
C  [kernel32.dll+0x159bd]
C  [ntdll.dll+0x2a2e1]


---------------  P R O C E S S  ---------------

Java Threads: ( => current thread )
  0x00000000628a8800 JavaThread "D3D Screen Updater" daemon [_thread_blocked, id=8008, stack(0x0000000064de0000,0x0000000064ee0000)]
  0x0000000002198000 JavaThread "DestroyJavaVM" [_thread_blocked, id=4020, stack(0x00000000024d0000,0x00000000025d0000)]
  0x000000005ab3a000 JavaThread "TimerQueue" daemon [_thread_blocked, id=6664, stack(0x000000005adc0000,0x000000005aec0000)]
  0x0000000060f50800 JavaThread "AWT-EventQueue-0" [_thread_blocked, id=8156, stack(0x000000005c0e0000,0x000000005c1e0000)]
  0x00000000642e2800 JavaThread "AWT-Shutdown" [_thread_blocked, id=7600, stack(0x000000005c350000,0x000000005c450000)]
  0x000000005a42b000 JavaThread "Swing-Shell" daemon [_thread_blocked, id=8132, stack(0x000000005c590000,0x000000005c690000)]
  0x000000005a392800 JavaThread "AWT-Windows" daemon [_thread_in_native, id=2956, stack(0x000000005af80000,0x000000005b080000)]
  0x00000000591f9800 JavaThread "Java2D Disposer" daemon [_thread_blocked, id=1992, stack(0x000000005abb0000,0x000000005acb0000)]
  0x0000000058edd000 JavaThread "Service Thread" daemon [_thread_blocked, id=5680, stack(0x000000005a290000,0x000000005a390000)]
  0x0000000058e66800 JavaThread "C1 CompilerThread2" daemon [_thread_blocked, id=1380, stack(0x000000005a000000,0x000000005a100000)]
  0x0000000058e62000 JavaThread "C2 CompilerThread1" daemon [_thread_blocked, id=7836, stack(0x0000000059f00000,0x000000005a000000)]
  0x0000000058e5e800 JavaThread "C2 CompilerThread0" daemon [_thread_blocked, id=6224, stack(0x00000000597c0000,0x00000000598c0000)]
  0x0000000058e5a000 JavaThread "JDWP Command Reader" daemon [_thread_in_native, id=4432, stack(0x0000000059d60000,0x0000000059e60000)]
  0x0000000058e4b000 JavaThread "JDWP Event Helper Thread" daemon [_thread_blocked, id=4804, stack(0x0000000059b80000,0x0000000059c80000)]
=>0x0000000058e47800 JavaThread "JDWP Transport Listener: dt_socket" daemon [_thread_in_vm, id=1788, stack(0x0000000059a10000,0x0000000059b10000)]
  0x0000000057666000 JavaThread "Attach Listener" daemon [_thread_blocked, id=8136, stack(0x0000000058d40000,0x0000000058e40000)]
  0x0000000057662800 JavaThread "Signal Dispatcher" daemon [_thread_blocked, id=7536, stack(0x0000000058b90000,0x0000000058c90000)]
  0x0000000057606800 JavaThread "Finalizer" daemon [_thread_blocked, id=7340, stack(0x00000000588f0000,0x00000000589f0000)]
  0x00000000575ff800 JavaThread "Reference Handler" daemon [_thread_blocked, id=4376, stack(0x0000000058640000,0x0000000058740000)]

Other Threads:
  0x00000000575fc000 VMThread [stack: 0x0000000058740000,0x0000000058840000] [id=7692]
  0x0000000058f07800 WatcherThread [stack: 0x000000005a100000,0x000000005a200000] [id=5872]

VM state:not at safepoint (normal execution)

VM Mutex/Monitor currently owned by a thread: None

Heap:
 PSYoungGen      total 450560K, used 138189K [0x00000000d5700000, 0x00000000fdd00000, 0x0000000100000000)
  eden space 247808K, 51% used [0x00000000d5700000,0x00000000dd47c8f0,0x00000000e4900000)
  from space 202752K, 4% used [0x00000000f1700000,0x00000000f2076ec0,0x00000000fdd00000)
  to   space 206848K, 0% used [0x00000000e4900000,0x00000000e4900000,0x00000000f1300000)
 ParOldGen       total 749056K, used 397924K [0x0000000080400000, 0x00000000adf80000, 0x00000000d5700000)
  object space 749056K, 53% used [0x0000000080400000,0x0000000098899288,0x00000000adf80000)
 Metaspace       used 19658K, capacity 19958K, committed 20224K, reserved 1067008K
  class space    used 2661K, capacity 2743K, committed 2816K, reserved 1048576K

Card table byte_map: [0x0000000011c60000,0x0000000012060000] byte_map_base: 0x000000001185e000

Marking Bits: (ParMarkBitMap*) 0x000000006722a5b0
 Begin Bits: [0x0000000012890000, 0x0000000014880000)
 End Bits:   [0x0000000014880000, 0x0000000016870000)

Polling page: 0x0000000000220000

CodeCache: size=245760Kb used=16637Kb max_used=16788Kb free=229122Kb
 bounds [0x00000000028a0000, 0x0000000003930000, 0x00000000118a0000]
 total_blobs=4508 nmethods=3943 adapters=482
 compilation: enabled

Compilation events (10 events):
Event: 53.844 Thread 0x0000000058e66800 4697       1       java.awt.event.MouseEvent::getYOnScreen (5 bytes)
Event: 53.844 Thread 0x0000000058e66800 nmethod 4697 0x00000000031f23d0 code [0x00000000031f2520, 0x00000000031f2630]
Event: 54.100 Thread 0x0000000058e66800 4698       3       java.awt.LightweightDispatcher::retargetMouseEvent (350 bytes)
Event: 54.101 Thread 0x0000000058e66800 nmethod 4698 0x00000000030c5390 code [0x00000000030c5720, 0x00000000030c8218]
Event: 55.715 Thread 0x0000000058e62000 4699       4       sun.awt.SunToolkit::postEvent (157 bytes)
Event: 55.737 Thread 0x0000000058e62000 nmethod 4699 0x000000000308f390 code [0x000000000308f640, 0x00000000030912f8]
Event: 66.372 Thread 0x0000000058e66800 4700   !   3       sun.awt.PostEventQueue::flush (168 bytes)
Event: 66.373 Thread 0x0000000058e66800 nmethod 4700 0x0000000002fc69d0 code [0x0000000002fc6c20, 0x0000000002fc7d68]
Event: 177.654 Thread 0x0000000058e66800 4701   !   3       javax.swing.JComponent::paint (409 bytes)
Event: 177.656 Thread 0x0000000058e66800 nmethod 4701 0x0000000003139250 code [0x0000000003139660, 0x000000000313c198]

GC Heap History (10 events):
Event: 14.824 GC heap before
{Heap before GC invocations=37 (full 7):
 PSYoungGen      total 464896K, used 234130K [0x00000000d5700000, 0x0000000100000000, 0x0000000100000000)
  eden space 232448K, 100% used [0x00000000d5700000,0x00000000e3a00000,0x00000000e3a00000)
  from space 232448K, 0% used [0x00000000e3a00000,0x00000000e3ba4980,0x00000000f1d00000)
  to   space 232448K, 0% used [0x00000000f1d00000,0x00000000f1d00000,0x0000000100000000)
 ParOldGen       total 749056K, used 395028K [0x0000000080400000, 0x00000000adf80000, 0x00000000d5700000)
  object space 749056K, 52% used [0x0000000080400000,0x00000000985c5278,0x00000000adf80000)
 Metaspace       used 17360K, capacity 17662K, committed 18048K, reserved 1064960K
  class space    used 2490K, capacity 2579K, committed 2688K, reserved 1048576K
Event: 14.826 GC heap after
Heap after GC invocations=37 (full 7):
 PSYoungGen      total 464896K, used 1467K [0x00000000d5700000, 0x0000000100000000, 0x0000000100000000)
  eden space 232448K, 0% used [0x00000000d5700000,0x00000000d5700000,0x00000000e3a00000)
  from space 232448K, 0% used [0x00000000f1d00000,0x00000000f1e6ee18,0x0000000100000000)
  to   space 232448K, 0% used [0x00000000e3a00000,0x00000000e3a00000,0x00000000f1d00000)
 ParOldGen       total 749056K, used 396636K [0x0000000080400000, 0x00000000adf80000, 0x00000000d5700000)
  object space 749056K, 52% used [0x0000000080400000,0x0000000098757288,0x00000000adf80000)
 Metaspace       used 17360K, capacity 17662K, committed 18048K, reserved 1064960K
  class space    used 2490K, capacity 2579K, committed 2688K, reserved 1048576K
}
Event: 22.467 GC heap before
{Heap before GC invocations=38 (full 7):
 PSYoungGen      total 464896K, used 233915K [0x00000000d5700000, 0x0000000100000000, 0x0000000100000000)
  eden space 232448K, 100% used [0x00000000d5700000,0x00000000e3a00000,0x00000000e3a00000)
  from space 232448K, 0% used [0x00000000f1d00000,0x00000000f1e6ee18,0x0000000100000000)
  to   space 232448K, 0% used [0x00000000e3a00000,0x00000000e3a00000,0x00000000f1d00000)
 ParOldGen       total 749056K, used 396636K [0x0000000080400000, 0x00000000adf80000, 0x00000000d5700000)
  object space 749056K, 52% used [0x0000000080400000,0x0000000098757288,0x00000000adf80000)
 Metaspace       used 18734K, capacity 19006K, committed 19328K, reserved 1067008K
  class space    used 2560K, capacity 2643K, committed 2688K, reserved 1048576K
Event: 22.472 GC heap after
Heap after GC invocations=38 (full 7):
 PSYoungGen      total 238080K, used 5490K [0x00000000d5700000, 0x00000000ffc00000, 0x0000000100000000)
  eden space 232448K, 0% used [0x00000000d5700000,0x00000000d5700000,0x00000000e3a00000)
  from space 5632K, 97% used [0x00000000e3a00000,0x00000000e3f5c9b0,0x00000000e3f80000)
  to   space 230400K, 0% used [0x00000000f1b00000,0x00000000f1b00000,0x00000000ffc00000)
 ParOldGen       total 749056K, used 397924K [0x0000000080400000, 0x00000000adf80000, 0x00000000d5700000)
  object space 749056K, 53% used [0x0000000080400000,0x0000000098899288,0x00000000adf80000)
 Metaspace       used 18734K, capacity 19006K, committed 19328K, reserved 1067008K
  class space    used 2560K, capacity 2643K, committed 2688K, reserved 1048576K
}
Event: 22.807 GC heap before
{Heap before GC invocations=39 (full 7):
 PSYoungGen      total 238080K, used 237938K [0x00000000d5700000, 0x00000000ffc00000, 0x0000000100000000)
  eden space 232448K, 100% used [0x00000000d5700000,0x00000000e3a00000,0x00000000e3a00000)
  from space 5632K, 97% used [0x00000000e3a00000,0x00000000e3f5c9b0,0x00000000e3f80000)
  to   space 230400K, 0% used [0x00000000f1b00000,0x00000000f1b00000,0x00000000ffc00000)
 ParOldGen       total 749056K, used 397924K [0x0000000080400000, 0x00000000adf80000, 0x00000000d5700000)
  object space 749056K, 53% used [0x0000000080400000,0x0000000098899288,0x00000000adf80000)
 Metaspace       used 18736K, capacity 19006K, committed 19328K, reserved 1067008K
  class space    used 2560K, capacity 2643K, committed 2688K, reserved 1048576K
Event: 22.812 GC heap after
Heap after GC invocations=39 (full 7):
 PSYoungGen      total 469504K, used 6793K [0x00000000d5700000, 0x00000000ffc00000, 0x0000000100000000)
  eden space 239104K, 0% used [0x00000000d5700000,0x00000000d5700000,0x00000000e4080000)
  from space 230400K, 2% used [0x00000000f1b00000,0x00000000f21a2558,0x00000000ffc00000)
  to   space 223744K, 0% used [0x00000000e4080000,0x00000000e4080000,0x00000000f1b00000)
 ParOldGen       total 749056K, used 397924K [0x0000000080400000, 0x00000000adf80000, 0x00000000d5700000)
  object space 749056K, 53% used [0x0000000080400000,0x0000000098899288,0x00000000adf80000)
 Metaspace       used 18736K, capacity 19006K, committed 19328K, reserved 1067008K
  class space    used 2560K, capacity 2643K, committed 2688K, reserved 1048576K
}
Event: 23.143 GC heap before
{Heap before GC invocations=40 (full 7):
 PSYoungGen      total 469504K, used 245897K [0x00000000d5700000, 0x00000000ffc00000, 0x0000000100000000)
  eden space 239104K, 100% used [0x00000000d5700000,0x00000000e4080000,0x00000000e4080000)
  from space 230400K, 2% used [0x00000000f1b00000,0x00000000f21a2558,0x00000000ffc00000)
  to   space 223744K, 0% used [0x00000000e4080000,0x00000000e4080000,0x00000000f1b00000)
 ParOldGen       total 749056K, used 397924K [0x0000000080400000, 0x00000000adf80000, 0x00000000d5700000)
  object space 749056K, 53% used [0x0000000080400000,0x0000000098899288,0x00000000adf80000)
 Metaspace       used 18736K, capacity 19006K, committed 19328K, reserved 1067008K
  class space    used 2560K, capacity 2643K, committed 2688K, reserved 1048576K
Event: 23.148 GC heap after
Heap after GC invocations=40 (full 7):
 PSYoungGen      total 247296K, used 8189K [0x00000000d5700000, 0x00000000fe980000, 0x0000000100000000)
  eden space 239104K, 0% used [0x00000000d5700000,0x00000000d5700000,0x00000000e4080000)
  from space 8192K, 99% used [0x00000000e4080000,0x00000000e487f7b8,0x00000000e4880000)
  to   space 215552K, 0% used [0x00000000f1700000,0x00000000f1700000,0x00000000fe980000)
 ParOldGen       total 749056K, used 397924K [0x0000000080400000, 0x00000000adf80000, 0x00000000d5700000)
  object space 749056K, 53% used [0x0000000080400000,0x0000000098899288,0x00000000adf80000)
 Metaspace       used 18736K, capacity 19006K, committed 19328K, reserved 1067008K
  class space    used 2560K, capacity 2643K, committed 2688K, reserved 1048576K
}
Event: 23.499 GC heap before
{Heap before GC invocations=41 (full 7):
 PSYoungGen      total 247296K, used 247293K [0x00000000d5700000, 0x00000000fe980000, 0x0000000100000000)
  eden space 239104K, 100% used [0x00000000d5700000,0x00000000e4080000,0x00000000e4080000)
  from space 8192K, 99% used [0x00000000e4080000,0x00000000e487f7b8,0x00000000e4880000)
  to   space 215552K, 0% used [0x00000000f1700000,0x00000000f1700000,0x00000000fe980000)
 ParOldGen       total 749056K, used 397924K [0x0000000080400000, 0x00000000adf80000, 0x00000000d5700000)
  object space 749056K, 53% used [0x0000000080400000,0x0000000098899288,0x00000000adf80000)
 Metaspace       used 18742K, capacity 19006K, committed 19328K, reserved 1067008K
  class space    used 2560K, capacity 2643K, committed 2688K, reserved 1048576K
Event: 23.505 GC heap after
Heap after GC invocations=41 (full 7):
 PSYoungGen      total 450560K, used 9691K [0x00000000d5700000, 0x00000000fdd00000, 0x0000000100000000)
  eden space 247808K, 0% used [0x00000000d5700000,0x00000000d5700000,0x00000000e4900000)
  from space 202752K, 4% used [0x00000000f1700000,0x00000000f2076ec0,0x00000000fdd00000)
  to   space 206848K, 0% used [0x00000000e4900000,0x00000000e4900000,0x00000000f1300000)
 ParOldGen       total 749056K, used 397924K [0x0000000080400000, 0x00000000adf80000, 0x00000000d5700000)
  object space 749056K, 53% used [0x0000000080400000,0x0000000098899288,0x00000000adf80000)
 Metaspace       used 18742K, capacity 19006K, committed 19328K, reserved 1067008K
  class space    used 2560K, capacity 2643K, committed 2688K, reserved 1048576K
}

Deoptimization events (10 events):
Event: 52.467 Thread 0x0000000060f50800 Uncommon trap: reason=class_check action=maybe_recompile pc=0x0000000003251db0 method=java.awt.Container.getMouseEventTargetImpl(IIZLjava/awt/Container$EventTargetFilter;ZZ)Ljava/awt/Component; @ 191
Event: 52.467 Thread 0x0000000060f50800 Uncommon trap: reason=unstable_if action=reinterpret pc=0x000000000389fc04 method=java.awt.LightweightDispatcher.trackMouseEnterExit(Ljava/awt/Component;Ljava/awt/event/MouseEvent;)V @ 23
Event: 53.606 Thread 0x0000000060f50800 Uncommon trap: reason=unstable_if action=reinterpret pc=0x0000000003112de0 method=javax.swing.LayoutComparator.compare(Ljava/awt/Component;Ljava/awt/Component;)I @ 2
Event: 53.609 Thread 0x0000000060f50800 Uncommon trap: reason=unstable_if action=reinterpret pc=0x00000000033842bc method=java.awt.LightweightDispatcher.retargetMouseEvent(Ljava/awt/Component;ILjava/awt/event/MouseEvent;)V @ 22
Event: 55.854 Thread 0x0000000060f50800 Uncommon trap: reason=class_check action=maybe_recompile pc=0x0000000003251db0 method=java.awt.Container.getMouseEventTargetImpl(IIZLjava/awt/Container$EventTargetFilter;ZZ)Ljava/awt/Component; @ 191
Event: 56.021 Thread 0x0000000060f50800 Uncommon trap: reason=bimorphic action=maybe_recompile pc=0x000000000390e14c method=java.awt.EventQueue.dispatchEventImpl(Ljava/awt/AWTEvent;Ljava/lang/Object;)V @ 21
Event: 56.021 Thread 0x0000000060f50800 Uncommon trap: reason=bimorphic action=maybe_recompile pc=0x000000000390e14c method=java.awt.EventQueue.dispatchEventImpl(Ljava/awt/AWTEvent;Ljava/lang/Object;)V @ 21
Event: 56.021 Thread 0x0000000060f50800 Uncommon trap: reason=bimorphic action=maybe_recompile pc=0x000000000390e14c method=java.awt.EventQueue.dispatchEventImpl(Ljava/awt/AWTEvent;Ljava/lang/Object;)V @ 21
Event: 66.326 Thread 0x0000000060f50800 Uncommon trap: reason=unstable_if action=reinterpret pc=0x00000000033924f8 method=java.awt.EventQueue.getPriority(Ljava/awt/AWTEvent;)I @ 71
Event: 66.326 Thread 0x0000000060f50800 Uncommon trap: reason=unstable_if action=reinterpret pc=0x00000000034ffd8c method=javax.swing.JComponent.paint(Ljava/awt/Graphics;)V @ 175

Internal exceptions (10 events):
Event: 0.283 Thread 0x0000000002198000 Exception <a 'java/lang/NoSuchFieldError': method resolution failed> (0x00000000d5a80010) thrown at [C:\workspace\8-2-build-windows-amd64-cygwin\jdk8u65\4987\hotspot\src\share\vm\prims\methodHandles.cpp, line 1146]
Event: 0.287 Thread 0x0000000002198000 Exception <a 'java/lang/NoSuchFieldError': method resolution failed> (0x00000000d5a8d3e0) thrown at [C:\workspace\8-2-build-windows-amd64-cygwin\jdk8u65\4987\hotspot\src\share\vm\prims\methodHandles.cpp, line 1146]
Event: 0.330 Thread 0x0000000002198000 Implicit null exception at 0x0000000002a18d55 to 0x0000000002a18fc5
Event: 0.336 Thread 0x0000000002198000 Exception <a 'java/io/FileNotFoundException'> (0x00000000d5b732d8) thrown at [C:\workspace\8-2-build-windows-amd64-cygwin\jdk8u65\4987\hotspot\src\share\vm\prims\jni.cpp, line 709]
Event: 8.083 Thread 0x0000000002198000 Implicit null exception at 0x0000000002ce720c to 0x0000000002ce7689
Event: 8.083 Thread 0x0000000002198000 Implicit null exception at 0x0000000002ad6949 to 0x0000000002ad6d79
Event: 8.195 Thread 0x0000000002198000 Implicit null exception at 0x0000000002bbc560 to 0x0000000002bbc5ba
Event: 15.307 Thread 0x00000000618fa000 Implicit null exception at 0x0000000002b6204a to 0x0000000002b62112
Event: 30.872 Thread 0x0000000060f50800 Implicit null exception at 0x000000000375712c to 0x0000000003757521
Event: 41.436 Thread 0x0000000060f50800 Implicit null exception at 0x00000000030fcca5 to 0x00000000030ffbf9

Events (10 events):
Event: 66.326 Thread 0x0000000060f50800 Uncommon trap: trap_request=0xffffff65 fr.pc=0x00000000033924f8
Event: 66.326 Thread 0x0000000060f50800 DEOPT PACKING pc=0x00000000033924f8 sp=0x000000005c1dee00
Event: 66.326 Thread 0x0000000060f50800 DEOPT UNPACKING pc=0x00000000028e582a sp=0x000000005c1ded90 mode 2
Event: 66.326 Thread 0x0000000060f50800 Uncommon trap: trap_request=0xffffff65 fr.pc=0x00000000034ffd8c
Event: 66.326 Thread 0x0000000060f50800 DEOPT PACKING pc=0x00000000034ffd8c sp=0x000000005c1dd050
Event: 66.326 Thread 0x0000000060f50800 DEOPT UNPACKING pc=0x00000000028e582a sp=0x000000005c1dd028 mode 2
Event: 107.772 Executing VM operation: RedefineClasses
Event: 107.831 Executing VM operation: RedefineClasses done
Event: 184.287 Executing VM operation: RedefineClasses
Event: 184.355 Executing VM operation: RedefineClasses done


Dynamic libraries:
0x000000013f3f0000 - 0x000000013f427000 	C:\Program Files\Java\jre1.8.0_65\bin\javaw.exe
0x0000000077090000 - 0x000000007723a000 	C:\Windows\SYSTEM32\ntdll.dll
0x0000000076f70000 - 0x000000007708f000 	C:\Windows\system32\kernel32.dll
0x000007fefd0d0000 - 0x000007fefd13a000 	C:\Windows\system32\KERNELBASE.dll
0x000007fefde20000 - 0x000007fefdefb000 	C:\Windows\system32\ADVAPI32.dll
0x000007fefdd80000 - 0x000007fefde1f000 	C:\Windows\system32\msvcrt.dll
0x000007fefd6f0000 - 0x000007fefd70f000 	C:\Windows\SYSTEM32\sechost.dll
0x000007fefd1c0000 - 0x000007fefd2ed000 	C:\Windows\system32\RPCRT4.dll
0x0000000076e70000 - 0x0000000076f6a000 	C:\Windows\system32\USER32.dll
0x000007fefd680000 - 0x000007fefd6e7000 	C:\Windows\system32\GDI32.dll
0x000007fefd970000 - 0x000007fefd97e000 	C:\Windows\system32\LPK.dll
0x000007fefe3b0000 - 0x000007fefe47a000 	C:\Windows\system32\USP10.dll
0x000007fefbdc0000 - 0x000007fefbfb4000 	C:\Windows\WinSxS\amd64_microsoft.windows.common-controls_6595b64144ccf1df_6.0.7601.18837_none_fa3b1e3d17594757\COMCTL32.dll
0x000007fefd2f0000 - 0x000007fefd361000 	C:\Windows\system32\SHLWAPI.dll
0x000007fefd190000 - 0x000007fefd1be000 	C:\Windows\system32\IMM32.DLL
0x000007fefd570000 - 0x000007fefd679000 	C:\Windows\system32\MSCTF.dll
0x0000000071a70000 - 0x0000000071b42000 	C:\Program Files\Java\jre1.8.0_65\bin\msvcr100.dll
0x0000000066a20000 - 0x00000000672a9000 	C:\Program Files\Java\jre1.8.0_65\bin\server\jvm.dll
0x000007fef5320000 - 0x000007fef5329000 	C:\Windows\system32\WSOCK32.dll
0x000007fefd920000 - 0x000007fefd96d000 	C:\Windows\system32\WS2_32.dll
0x000007fefda20000 - 0x000007fefda28000 	C:\Windows\system32\NSI.dll
0x000007fefa8b0000 - 0x000007fefa8eb000 	C:\Windows\system32\WINMM.dll
0x000007fefbb10000 - 0x000007fefbb1c000 	C:\Windows\system32\VERSION.dll
0x0000000077260000 - 0x0000000077267000 	C:\Windows\system32\PSAPI.DLL
0x0000000072c70000 - 0x0000000072c7f000 	C:\Program Files\Java\jre1.8.0_65\bin\verify.dll
0x0000000072c40000 - 0x0000000072c69000 	C:\Program Files\Java\jre1.8.0_65\bin\java.dll
0x0000000072c00000 - 0x0000000072c35000 	C:\Program Files\Java\jre1.8.0_65\bin\jdwp.dll
0x0000000072db0000 - 0x0000000072db8000 	C:\Program Files\Java\jre1.8.0_65\bin\npt.dll
0x00000000727c0000 - 0x00000000727d6000 	C:\Program Files\Java\jre1.8.0_65\bin\zip.dll
0x000007fefe610000 - 0x000007feff399000 	C:\Windows\system32\SHELL32.dll
0x000007fefd710000 - 0x000007fefd913000 	C:\Windows\system32\ole32.dll
0x000007fefcdd0000 - 0x000007fefcddf000 	C:\Windows\system32\profapi.dll
0x0000000072b00000 - 0x0000000072b09000 	C:\Program Files\Java\jre1.8.0_65\bin\dt_socket.dll
0x000007fefa480000 - 0x000007fefa495000 	C:\Windows\system32\NLAapi.dll
0x000007fefa9e0000 - 0x000007fefa9f5000 	C:\Windows\system32\napinsp.dll
0x000007fefa830000 - 0x000007fefa849000 	C:\Windows\system32\pnrpnsp.dll
0x000007fefc660000 - 0x000007fefc6b5000 	C:\Windows\System32\mswsock.dll
0x000007fefc350000 - 0x000007fefc3ab000 	C:\Windows\system32\DNSAPI.dll
0x000007fefa9d0000 - 0x000007fefa9db000 	C:\Windows\System32\winrnr.dll
0x000007fef95d0000 - 0x000007fef95ff000 	C:\Program Files\Common Files\Microsoft Shared\Windows Live\WLIDNSP.DLL
0x000007fefa820000 - 0x000007fefa830000 	C:\Windows\system32\wshbth.dll
0x000007fefa2a0000 - 0x000007fefa2c7000 	C:\Windows\system32\IPHLPAPI.DLL
0x000007fefa290000 - 0x000007fefa29b000 	C:\Windows\system32\WINNSI.DLL
0x000007fefa0c0000 - 0x000007fefa113000 	C:\Windows\System32\fwpuclnt.dll
0x000007fef95a0000 - 0x000007fef95a8000 	C:\Windows\system32\rasadhlp.dll
0x000007fefbbe0000 - 0x000007fefbbe7000 	C:\Windows\System32\wshtcpip.dll
0x00000000717d0000 - 0x0000000071968000 	C:\Program Files\Java\jre1.8.0_65\bin\awt.dll
0x000007fefdf00000 - 0x000007fefdfd8000 	C:\Windows\system32\OLEAUT32.dll
0x000007fefb5f0000 - 0x000007fefb646000 	C:\Windows\system32\uxtheme.dll
0x000007fefbac0000 - 0x000007fefbad8000 	C:\Windows\system32\dwmapi.dll
0x000007fefcc70000 - 0x000007fefcc7f000 	C:\Windows\system32\CRYPTBASE.dll
0x000007fef9740000 - 0x000007fef97e0000 	C:\Windows\WinSxS\amd64_microsoft.windows.common-controls_6595b64144ccf1df_5.82.7601.18837_none_a4d981ff711297b6\comctl32.dll
0x00000000723f0000 - 0x0000000072437000 	C:\Program Files\Java\jre1.8.0_65\bin\fontmanager.dll
0x000007fee35c0000 - 0x000007fee37bf000 	C:\Windows\system32\d3d9.dll
0x000007fee35b0000 - 0x000007fee35b7000 	C:\Windows\system32\d3d8thk.dll
0x000007fef8780000 - 0x000007fef88e2000 	C:\Windows\system32\aticfx64.dll
0x000007fee3550000 - 0x000007fee3571000 	C:\Windows\system32\atiu9p64.dll
0x000007fee2cf0000 - 0x000007fee354a000 	C:\Windows\system32\atiumd64.dll
0x000000005ca70000 - 0x000000005d2f6000 	C:\Windows\system32\atiumd6a.dll
0x000007fefbae0000 - 0x000007fefbb0c000 	C:\Windows\system32\POWRPROF.dll
0x000007fefd390000 - 0x000007fefd567000 	C:\Windows\system32\SETUPAPI.dll
0x000007fefce00000 - 0x000007fefce36000 	C:\Windows\system32\CFGMGR32.dll
0x000007fefd160000 - 0x000007fefd17a000 	C:\Windows\system32\DEVOBJ.dll
0x0000000072ac0000 - 0x0000000072ada000 	C:\Program Files\Java\jre1.8.0_65\bin\net.dll
0x000007fefc650000 - 0x000007fefc657000 	C:\Windows\System32\wship6.dll
0x0000000072720000 - 0x0000000072731000 	C:\Program Files\Java\jre1.8.0_65\bin\nio.dll
0x0000000072570000 - 0x00000000725b2000 	C:\Program Files\Java\jre1.8.0_65\bin\t2k.dll
0x000007fefd980000 - 0x000007fefda19000 	C:\Windows\system32\CLBCatQ.DLL
0x000007fefb650000 - 0x000007fefb77c000 	C:\Windows\system32\propsys.dll
0x000007fefb070000 - 0x000007fefb09d000 	C:\Windows\system32\ntmarta.dll
0x000007fefdfe0000 - 0x000007fefe032000 	C:\Windows\system32\WLDAP32.dll
0x000007fefcc10000 - 0x000007fefcc67000 	C:\Windows\system32\apphelp.dll
0x000007fef5a10000 - 0x000007fef5bac000 	C:\Windows\system32\NetworkExplorer.dll
0x000007fef8020000 - 0x000007fef8054000 	C:\Windows\System32\shdocvw.dll
0x000007fefa3e0000 - 0x000007fefa3eb000 	C:\Windows\system32\slc.dll
0x000007fef9600000 - 0x000007fef9618000 	C:\Windows\system32\MPR.dll
0x000007fee9030000 - 0x000007fee903a000 	C:\Windows\System32\drprov.dll
0x000007fefcba0000 - 0x000007fefcbdd000 	C:\Windows\System32\WINSTA.dll
0x000007fee8a30000 - 0x000007fee8a52000 	C:\Windows\System32\ntlanman.dll
0x000007fee8a10000 - 0x000007fee8a2d000 	C:\Windows\System32\davclnt.dll
0x000007fee8a00000 - 0x000007fee8a0a000 	C:\Windows\System32\DAVHLPR.dll
0x000007fefa7b0000 - 0x000007fefa7c5000 	C:\Windows\system32\wkscli.dll
0x000007fef8ab0000 - 0x000007fef8abf000 	C:\Windows\system32\cscapi.dll
0x000007fefa7d0000 - 0x000007fefa7dc000 	C:\Windows\system32\netutils.dll
0x000007fee01e0000 - 0x000007fee0451000 	C:\Windows\system32\wpdshext.dll
0x000007fefb230000 - 0x000007fefb446000 	C:\Windows\WinSxS\amd64_microsoft.windows.gdiplus_6595b64144ccf1df_1.1.7601.23508_none_145555328b95eaaa\gdiplus.dll
0x000007fef5d40000 - 0x000007fef5dfd000 	C:\Windows\system32\PortableDeviceApi.dll
0x000007fefcfe0000 - 0x000007fefd01b000 	C:\Windows\system32\WINTRUST.dll
0x000007fefce50000 - 0x000007fefcfbd000 	C:\Windows\system32\CRYPT32.dll
0x000007fefcde0000 - 0x000007fefcdef000 	C:\Windows\system32\MSASN1.dll
0x000007fef6a00000 - 0x000007fef6a35000 	C:\Windows\system32\EhStorShell.dll
0x000007fef6a80000 - 0x000007fef6aa7000 	C:\Windows\system32\EhStorAPI.dll
0x000007fef8950000 - 0x000007fef895c000 	C:\Windows\system32\LINKINFO.dll
0x000007fefc7b0000 - 0x000007fefc7c8000 	C:\Windows\system32\CRYPTSP.dll
0x000007fefc2c0000 - 0x000007fefc307000 	C:\Windows\system32\rsaenh.dll
0x000007fefcfc0000 - 0x000007fefcfde000 	C:\Windows\system32\USERENV.dll
0x000007fefa090000 - 0x000007fefa0a1000 	C:\Windows\system32\dhcpcsvc6.DLL
0x000007fefa000000 - 0x000007fefa018000 	C:\Windows\system32\dhcpcsvc.DLL
0x0000000071d50000 - 0x0000000071d81000 	C:\Program Files\Java\jre1.8.0_65\bin\jpeg.dll
0x0000000071cb0000 - 0x0000000071cda000 	C:\Program Files\Java\jre1.8.0_65\bin\dcpr.dll
0x000007fefac40000 - 0x000007fefada1000 	C:\Windows\system32\WindowsCodecs.dll
0x000007fef8a10000 - 0x000007fef8a51000 	C:\Users\Jon\AppData\Roaming\Dropbox\bin\DropboxExt64.42.dll
0x00000000711d0000 - 0x00000000712cc000 	C:\Program Files\AVAST Software\Avast\ashShA64.dll
0x000007fefc180000 - 0x000007fefc191000 	C:\Windows\system32\WTSAPI32.dll
0x000007fef89f0000 - 0x000007fef89f3000 	C:\Windows\system32\api-ms-win-core-synch-l1-2-0.DLL
0x000007fef81e0000 - 0x000007fef84fe000 	C:\Windows\system32\msi.dll
0x000007fef5330000 - 0x000007fef5455000 	C:\Windows\system32\dbghelp.dll

VM Arguments:
jvm_args: -agentlib:jdwp=transport=dt_socket,suspend=y,address=localhost:50064 -Dfile.encoding=Cp1252 
java_command: ui.view.SearchView
java_class_path (initial): X:\Users\Jon\workspace\Jandor\bin;X:\Users\Jon\workspace\Jandor\lib\apache-commons-lang.jar;X:\Users\Jon\workspace\Jandor\lib\javax.mail.jar
Launcher Type: SUN_STANDARD

Environment Variables:
JAVA_HOME=X:\Program Files\Java\jdk1.7.0_07
PATH=C:\Program Files (x86)\NVIDIA Corporation\PhysX\Common;X:\Program Files\ImageMagick-6.9.2-Q16;C:\ProgramData\Oracle\Java\javapath;X:\Program Files\Java\jdk1.7.0_07\jre\bin;X:\Program Files\Java\jdk1.7.0_07\bin;C:\Program Files (x86)\AMD APP\bin\x86_64;C:\Program Files (x86)\AMD APP\bin\x86;C:\Program Files\Common Files\Microsoft Shared\Windows Live;C:\Program Files (x86)\Common Files\Microsoft Shared\Windows Live;X:\Program Files\MiKTeX 2.9\miktex\bin;C:\Windows\system32;C:\Windows;C:\Windows\System32\Wbem;C:\Windows\System32\WindowsPowerShell\v1.0\;C:\Program Files (x86)\ATI Technologies\ATI.ACE\Core-Static;C:\Windows\SysWOW64;C:\Program Files (x86)\Windows Live\Shared;X:\Users\Jon\Scripts;X:\Program Files\TortoiseSVN\bin;X:\Program Files\apache-ant-1.9.2\bin;X:\Program Files\WIDCOMM\Bluetooth Software\;X:\Program Files\WIDCOMM\Bluetooth Software\syswow64;X:\Program Files\ATI Technologies\ATI.ACE\Core-Static;X:\Program Files\apache-maven-3.2.3\bin;X:\Programs\jboss-6.1.0.Final\bin;X:\PROGRA~1\PostgreSQL\9.3\bin;X:\Program Files\AMD\ATI.ACE\Core-Static;C:\Program Files (x86)\Skype\Phone\
USERNAME=Jon
OS=Windows_NT
PROCESSOR_IDENTIFIER=Intel64 Family 6 Model 42 Stepping 7, GenuineIntel



---------------  S Y S T E M  ---------------

OS: Windows 7 , 64 bit Build 7601 (6.1.7601.23418)

CPU:total 4 (4 cores per cpu, 1 threads per core) family 6 model 42 stepping 7, cmov, cx8, fxsr, mmx, sse, sse2, sse3, ssse3, sse4.1, sse4.2, popcnt, avx, aes, clmul, tsc, tscinvbit

Memory: 4k page, physical 8368264k(4879732k free), swap 16734668k(12585472k free)

vm_info: Java HotSpot(TM) 64-Bit Server VM (25.65-b01) for windows-amd64 JRE (1.8.0_65-b17), built on Oct  6 2015 16:39:20 by "java_re" with MS VC++ 10.0 (VS2010)

time: Fri Sep 02 16:16:20 2016
elapsed time: 184 seconds (0d 0h 3m 4s)

